{"/home/csbrandt/projects/craigslist-wayback-apa/index.js":{"path":"/home/csbrandt/projects/craigslist-wayback-apa/index.js","s":{"1":1,"2":1,"3":1,"4":1,"5":1,"6":1,"7":1,"8":1,"9":1,"10":1,"11":0,"12":0,"13":1,"14":188,"15":1,"16":7,"17":7,"18":0,"19":0,"20":7,"21":7,"22":0,"23":0,"24":7,"25":7,"26":7,"27":1},"b":{"1":[0,1],"2":[188,9],"3":[188,0],"4":[9,0],"5":[0,7],"6":[0,7],"7":[1,6]},"f":{"1":1,"2":1,"3":188,"4":7,"5":7,"6":7},"fnMap":{"1":{"name":"(anonymous_1)","line":6,"loc":{"start":{"line":6,"column":16},"end":{"line":6,"column":38}}},"2":{"name":"(anonymous_2)","line":7,"loc":{"start":{"line":7,"column":84},"end":{"line":7,"column":108}}},"3":{"name":"(anonymous_3)","line":17,"loc":{"start":{"line":17,"column":42},"end":{"line":17,"column":61}}},"4":{"name":"(anonymous_4)","line":22,"loc":{"start":{"line":22,"column":23},"end":{"line":22,"column":42}}},"5":{"name":"(anonymous_5)","line":23,"loc":{"start":{"line":23,"column":31},"end":{"line":23,"column":61}}},"6":{"name":"(anonymous_6)","line":28,"loc":{"start":{"line":28,"column":31},"end":{"line":28,"column":52}}}},"statementMap":{"1":{"start":{"line":1,"column":0},"end":{"line":1,"column":33}},"2":{"start":{"line":2,"column":0},"end":{"line":2,"column":41}},"3":{"start":{"line":3,"column":0},"end":{"line":3,"column":46}},"4":{"start":{"line":4,"column":0},"end":{"line":4,"column":24}},"5":{"start":{"line":6,"column":0},"end":{"line":44,"column":2}},"6":{"start":{"line":7,"column":3},"end":{"line":43,"column":6}},"7":{"start":{"line":8,"column":6},"end":{"line":8,"column":19}},"8":{"start":{"line":9,"column":6},"end":{"line":9,"column":22}},"9":{"start":{"line":10,"column":6},"end":{"line":10,"column":21}},"10":{"start":{"line":12,"column":6},"end":{"line":15,"column":7}},"11":{"start":{"line":13,"column":9},"end":{"line":13,"column":23}},"12":{"start":{"line":14,"column":9},"end":{"line":14,"column":16}},"13":{"start":{"line":17,"column":6},"end":{"line":20,"column":9}},"14":{"start":{"line":18,"column":9},"end":{"line":19,"column":83}},"15":{"start":{"line":22,"column":6},"end":{"line":42,"column":9}},"16":{"start":{"line":23,"column":9},"end":{"line":41,"column":12}},"17":{"start":{"line":24,"column":12},"end":{"line":27,"column":13}},"18":{"start":{"line":25,"column":15},"end":{"line":25,"column":29}},"19":{"start":{"line":26,"column":15},"end":{"line":26,"column":22}},"20":{"start":{"line":28,"column":12},"end":{"line":40,"column":15}},"21":{"start":{"line":29,"column":15},"end":{"line":32,"column":16}},"22":{"start":{"line":30,"column":18},"end":{"line":30,"column":32}},"23":{"start":{"line":31,"column":18},"end":{"line":31,"column":25}},"24":{"start":{"line":34,"column":15},"end":{"line":34,"column":57}},"25":{"start":{"line":35,"column":15},"end":{"line":35,"column":24}},"26":{"start":{"line":37,"column":15},"end":{"line":39,"column":16}},"27":{"start":{"line":38,"column":18},"end":{"line":38,"column":35}}},"branchMap":{"1":{"line":12,"type":"if","locations":[{"start":{"line":12,"column":6},"end":{"line":12,"column":6}},{"start":{"line":12,"column":6},"end":{"line":12,"column":6}}]},"2":{"line":18,"type":"binary-expr","locations":[{"start":{"line":18,"column":17},"end":{"line":18,"column":92}},{"start":{"line":19,"column":10},"end":{"line":19,"column":81}}]},"3":{"line":18,"type":"cond-expr","locations":[{"start":{"line":18,"column":35},"end":{"line":18,"column":85}},{"start":{"line":18,"column":88},"end":{"line":18,"column":92}}]},"4":{"line":19,"type":"cond-expr","locations":[{"start":{"line":19,"column":26},"end":{"line":19,"column":74}},{"start":{"line":19,"column":77},"end":{"line":19,"column":81}}]},"5":{"line":24,"type":"if","locations":[{"start":{"line":24,"column":12},"end":{"line":24,"column":12}},{"start":{"line":24,"column":12},"end":{"line":24,"column":12}}]},"6":{"line":29,"type":"if","locations":[{"start":{"line":29,"column":15},"end":{"line":29,"column":15}},{"start":{"line":29,"column":15},"end":{"line":29,"column":15}}]},"7":{"line":37,"type":"if","locations":[{"start":{"line":37,"column":15},"end":{"line":37,"column":15}},{"start":{"line":37,"column":15},"end":{"line":37,"column":15}}]}}}}