{"/home/csbrandt/projects/craigslist-wayback-apa/index.js":{"path":"/home/csbrandt/projects/craigslist-wayback-apa/index.js","s":{"1":1,"2":1,"3":1,"4":1,"5":1,"6":1,"7":1,"8":1,"9":1,"10":1,"11":1,"12":0,"13":0,"14":1,"15":188,"16":1,"17":7,"18":7,"19":0,"20":0,"21":7,"22":7,"23":0,"24":0,"25":7,"26":7,"27":7,"28":1},"b":{"1":[0,1],"2":[1,1],"3":[0,1],"4":[188,9],"5":[188,0],"6":[9,0],"7":[0,7],"8":[0,7],"9":[1,6]},"f":{"1":1,"2":1,"3":188,"4":7,"5":7,"6":7},"fnMap":{"1":{"name":"(anonymous_1)","line":6,"loc":{"start":{"line":6,"column":16},"end":{"line":6,"column":38}}},"2":{"name":"(anonymous_2)","line":8,"loc":{"start":{"line":8,"column":96},"end":{"line":8,"column":120}}},"3":{"name":"(anonymous_3)","line":18,"loc":{"start":{"line":18,"column":42},"end":{"line":18,"column":61}}},"4":{"name":"(anonymous_4)","line":23,"loc":{"start":{"line":23,"column":23},"end":{"line":23,"column":42}}},"5":{"name":"(anonymous_5)","line":24,"loc":{"start":{"line":24,"column":31},"end":{"line":24,"column":61}}},"6":{"name":"(anonymous_6)","line":29,"loc":{"start":{"line":29,"column":31},"end":{"line":29,"column":52}}}},"statementMap":{"1":{"start":{"line":1,"column":0},"end":{"line":1,"column":33}},"2":{"start":{"line":2,"column":0},"end":{"line":2,"column":41}},"3":{"start":{"line":3,"column":0},"end":{"line":3,"column":46}},"4":{"start":{"line":4,"column":0},"end":{"line":4,"column":24}},"5":{"start":{"line":6,"column":0},"end":{"line":45,"column":2}},"6":{"start":{"line":7,"column":3},"end":{"line":7,"column":91}},"7":{"start":{"line":8,"column":3},"end":{"line":44,"column":6}},"8":{"start":{"line":9,"column":6},"end":{"line":9,"column":19}},"9":{"start":{"line":10,"column":6},"end":{"line":10,"column":22}},"10":{"start":{"line":11,"column":6},"end":{"line":11,"column":21}},"11":{"start":{"line":13,"column":6},"end":{"line":16,"column":7}},"12":{"start":{"line":14,"column":9},"end":{"line":14,"column":23}},"13":{"start":{"line":15,"column":9},"end":{"line":15,"column":16}},"14":{"start":{"line":18,"column":6},"end":{"line":21,"column":9}},"15":{"start":{"line":19,"column":9},"end":{"line":20,"column":83}},"16":{"start":{"line":23,"column":6},"end":{"line":43,"column":9}},"17":{"start":{"line":24,"column":9},"end":{"line":42,"column":12}},"18":{"start":{"line":25,"column":12},"end":{"line":28,"column":13}},"19":{"start":{"line":26,"column":15},"end":{"line":26,"column":29}},"20":{"start":{"line":27,"column":15},"end":{"line":27,"column":22}},"21":{"start":{"line":29,"column":12},"end":{"line":41,"column":15}},"22":{"start":{"line":30,"column":15},"end":{"line":33,"column":16}},"23":{"start":{"line":31,"column":18},"end":{"line":31,"column":32}},"24":{"start":{"line":32,"column":18},"end":{"line":32,"column":25}},"25":{"start":{"line":35,"column":15},"end":{"line":35,"column":57}},"26":{"start":{"line":36,"column":15},"end":{"line":36,"column":24}},"27":{"start":{"line":38,"column":15},"end":{"line":40,"column":16}},"28":{"start":{"line":39,"column":18},"end":{"line":39,"column":35}}},"branchMap":{"1":{"line":7,"type":"cond-expr","locations":[{"start":{"line":7,"column":77},"end":{"line":7,"column":82}},{"start":{"line":7,"column":85},"end":{"line":7,"column":90}}]},"2":{"line":7,"type":"binary-expr","locations":[{"start":{"line":7,"column":18},"end":{"line":7,"column":44}},{"start":{"line":7,"column":48},"end":{"line":7,"column":73}}]},"3":{"line":13,"type":"if","locations":[{"start":{"line":13,"column":6},"end":{"line":13,"column":6}},{"start":{"line":13,"column":6},"end":{"line":13,"column":6}}]},"4":{"line":19,"type":"binary-expr","locations":[{"start":{"line":19,"column":17},"end":{"line":19,"column":92}},{"start":{"line":20,"column":10},"end":{"line":20,"column":81}}]},"5":{"line":19,"type":"cond-expr","locations":[{"start":{"line":19,"column":35},"end":{"line":19,"column":85}},{"start":{"line":19,"column":88},"end":{"line":19,"column":92}}]},"6":{"line":20,"type":"cond-expr","locations":[{"start":{"line":20,"column":26},"end":{"line":20,"column":74}},{"start":{"line":20,"column":77},"end":{"line":20,"column":81}}]},"7":{"line":25,"type":"if","locations":[{"start":{"line":25,"column":12},"end":{"line":25,"column":12}},{"start":{"line":25,"column":12},"end":{"line":25,"column":12}}]},"8":{"line":30,"type":"if","locations":[{"start":{"line":30,"column":15},"end":{"line":30,"column":15}},{"start":{"line":30,"column":15},"end":{"line":30,"column":15}}]},"9":{"line":38,"type":"if","locations":[{"start":{"line":38,"column":15},"end":{"line":38,"column":15}},{"start":{"line":38,"column":15},"end":{"line":38,"column":15}}]}}}}