TN:
SF:/home/csbrandt/projects/craigslist-wayback-apa/index.js
FN:6,(anonymous_1)
FN:8,(anonymous_2)
FN:18,(anonymous_3)
FN:23,(anonymous_4)
FN:24,(anonymous_5)
FN:29,(anonymous_6)
FNF:6
FNH:6
FNDA:1,(anonymous_1)
FNDA:1,(anonymous_2)
FNDA:189,(anonymous_3)
FNDA:7,(anonymous_4)
FNDA:7,(anonymous_5)
FNDA:7,(anonymous_6)
DA:1,1
DA:2,1
DA:3,1
DA:4,1
DA:6,1
DA:7,1
DA:8,1
DA:9,1
DA:10,1
DA:11,1
DA:13,1
DA:14,0
DA:15,0
DA:18,1
DA:19,189
DA:23,1
DA:24,7
DA:25,7
DA:26,0
DA:27,0
DA:29,7
DA:30,7
DA:31,0
DA:32,0
DA:35,7
DA:36,7
DA:38,7
DA:39,1
LF:28
LH:22
BRDA:7,1,0,0
BRDA:7,1,1,1
BRDA:7,2,0,1
BRDA:7,2,1,1
BRDA:13,3,0,0
BRDA:13,3,1,1
BRDA:19,4,0,189
BRDA:19,4,1,10
BRDA:19,5,0,189
BRDA:19,5,1,0
BRDA:20,6,0,10
BRDA:20,6,1,0
BRDA:25,7,0,0
BRDA:25,7,1,7
BRDA:30,8,0,0
BRDA:30,8,1,7
BRDA:38,9,0,1
BRDA:38,9,1,6
BRF:18
BRH:12
end_of_record
