TN:
SF:/home/csbrandt/projects/craigslist-wayback-apa/index.js
FN:6,(anonymous_1)
FN:7,(anonymous_2)
FN:17,(anonymous_3)
FN:22,(anonymous_4)
FN:23,(anonymous_5)
FN:28,(anonymous_6)
FNF:6
FNH:6
FNDA:1,(anonymous_1)
FNDA:1,(anonymous_2)
FNDA:188,(anonymous_3)
FNDA:7,(anonymous_4)
FNDA:7,(anonymous_5)
FNDA:7,(anonymous_6)
DA:1,1
DA:2,1
DA:3,1
DA:4,1
DA:6,1
DA:7,1
DA:8,1
DA:9,1
DA:10,1
DA:12,1
DA:13,0
DA:14,0
DA:17,1
DA:18,188
DA:22,1
DA:23,7
DA:24,7
DA:25,0
DA:26,0
DA:28,7
DA:29,7
DA:30,0
DA:31,0
DA:34,7
DA:35,7
DA:37,7
DA:38,1
LF:27
LH:21
BRDA:12,1,0,0
BRDA:12,1,1,1
BRDA:18,2,0,188
BRDA:18,2,1,9
BRDA:18,3,0,188
BRDA:18,3,1,0
BRDA:19,4,0,9
BRDA:19,4,1,0
BRDA:24,5,0,0
BRDA:24,5,1,7
BRDA:29,6,0,0
BRDA:29,6,1,7
BRDA:37,7,0,1
BRDA:37,7,1,6
BRF:14
BRH:9
end_of_record
